[00:02:04] [Server thread/INFO]: [TotallyLucy126: Set the time to 1000]
[00:02:59] [Server thread/INFO]: [lolzkinijntjes: Set the time to 13000]
[00:03:19] [Server thread/INFO]: [lolzkinijntjes: Set the time to 1000]
[00:13:10] [Server thread/INFO]: [TotallyLucy126: Set the time to 1000]
[00:22:13] [Server thread/INFO]: [TotallyLucy126: Set the time to 1000]
[00:33:58] [Server thread/INFO]: [TotallyLucy126: Set the time to 1000]
[00:42:31] [Server thread/INFO]: [lolzkinijntjes: Gave 32 [Ladder] to lolzkinijntjes]
[00:43:56] [Server thread/INFO]: TotallyLucy126 fell from a high place
[00:44:08] [Server thread/INFO]: [TotallyLucy126: Set the time to 1000]
[00:46:22] [Server thread/INFO]: [lolzkinijntjes: Set the time to 1000]
[00:50:03] [Server thread/INFO]: [lolzkinijntjes: Gave 1 [Campfire] to lolzkinijntjes]
[00:56:59] [Server thread/INFO]: [lolzkinijntjes: Gave 64 [Spruce Log] to lolzkinijntjes]
[00:57:38] [Server thread/INFO]: [TotallyLucy126: Set the time to 1000]
[01:11:57] [Server thread/INFO]: TotallyLucy126 lost connection: Disconnected
[01:11:57] [Server thread/INFO]: TotallyLucy126 left the game
[01:11:57] [Server thread/INFO]: lolzkinijntjes lost connection: Disconnected
[01:11:57] [Server thread/INFO]: lolzkinijntjes left the game
[01:12:32] [Server thread/INFO]: Stopping server
[01:12:32] [Server thread/INFO]: Saving players
[01:12:32] [Server thread/INFO]: Saving worlds
[01:12:33] [Server thread/INFO]: Saving chunks for level 'ServerLevel[world]'/minecraft:overworld
[01:12:34] [Server thread/INFO]: Saving chunks for level 'ServerLevel[world]'/minecraft:the_nether
[01:12:34] [Server thread/INFO]: Saving chunks for level 'ServerLevel[world]'/minecraft:the_end
[01:12:34] [Server thread/INFO]: ThreadedAnvilChunkStorage (world): All chunks are saved
[01:12:34] [Server thread/INFO]: ThreadedAnvilChunkStorage (DIM-1): All chunks are saved
[01:12:34] [Server thread/INFO]: ThreadedAnvilChunkStorage (DIM1): All chunks are saved
[01:12:34] [Server thread/INFO]: ThreadedAnvilChunkStorage: All dimensions are saved
