[00:10:31] [User Authenticator #2/INFO]: UUID of player TotallyLucy126 is 1f93237c-5e28-4760-9c8f-b70067253c01
[00:10:34] [Server thread/INFO]: TotallyLucy126[/81.165.192.168:52988] logged in with entity id 10805 at (9443.2333577455, 84.11823043676998, -544.0827652354986)
[00:10:34] [Server thread/INFO]: TotallyLucy126 joined the game
[00:24:12] [Server thread/INFO]: [lolzkinijntjes: Set the weather to clear]
[00:30:15] [Server thread/WARN]: Can't keep up! Is the server overloaded? Running 2228ms or 44 ticks behind
[01:06:45] [Server thread/WARN]: Can't keep up! Is the server overloaded? Running 2001ms or 40 ticks behind
[01:07:03] [Server thread/WARN]: Can't keep up! Is the server overloaded? Running 3335ms or 66 ticks behind
[01:08:22] [Server thread/WARN]: Can't keep up! Is the server overloaded? Running 2019ms or 40 ticks behind
[01:08:41] [Server thread/WARN]: Can't keep up! Is the server overloaded? Running 4542ms or 90 ticks behind
[01:10:15] [Server thread/WARN]: Can't keep up! Is the server overloaded? Running 2023ms or 40 ticks behind
[01:11:14] [Server thread/WARN]: Can't keep up! Is the server overloaded? Running 2081ms or 41 ticks behind
[01:12:32] [Server thread/WARN]: Can't keep up! Is the server overloaded? Running 2001ms or 40 ticks behind
[01:14:00] [Server thread/WARN]: Can't keep up! Is the server overloaded? Running 2058ms or 41 ticks behind
[01:19:41] [Server thread/WARN]: Can't keep up! Is the server overloaded? Running 2007ms or 40 ticks behind
[01:20:04] [Server thread/WARN]: Can't keep up! Is the server overloaded? Running 2040ms or 40 ticks behind
[01:20:23] [Server thread/WARN]: Can't keep up! Is the server overloaded? Running 4648ms or 92 ticks behind
[01:22:15] [Server thread/WARN]: Can't keep up! Is the server overloaded? Running 2113ms or 42 ticks behind
[01:24:37] [Server thread/WARN]: Can't keep up! Is the server overloaded? Running 2030ms or 40 ticks behind
[01:30:06] [Server thread/WARN]: Can't keep up! Is the server overloaded? Running 2045ms or 40 ticks behind
[01:33:47] [Server thread/WARN]: Can't keep up! Is the server overloaded? Running 2058ms or 41 ticks behind
[01:35:11] [Server thread/WARN]: Can't keep up! Is the server overloaded? Running 2024ms or 40 ticks behind
[01:35:31] [Server thread/WARN]: Can't keep up! Is the server overloaded? Running 2022ms or 40 ticks behind
[01:38:36] [Server thread/WARN]: Can't keep up! Is the server overloaded? Running 2000ms or 40 ticks behind
[01:50:58] [Server thread/WARN]: Can't keep up! Is the server overloaded? Running 2015ms or 40 ticks behind
[01:54:32] [Server thread/WARN]: Can't keep up! Is the server overloaded? Running 2040ms or 40 ticks behind
[02:02:34] [Server thread/WARN]: Can't keep up! Is the server overloaded? Running 2006ms or 40 ticks behind
[02:06:52] [Server thread/WARN]: Can't keep up! Is the server overloaded? Running 2071ms or 41 ticks behind
[02:09:55] [Server thread/INFO]: TotallyLucy126 lost connection: Disconnected
[02:09:55] [Server thread/INFO]: TotallyLucy126 left the game
[02:09:58] [Server thread/INFO]: lolzkinijntjes lost connection: Disconnected
[02:09:58] [Server thread/INFO]: lolzkinijntjes left the game
[02:10:03] [Server thread/INFO]: Stopping server
[02:10:03] [Server thread/INFO]: Saving players
[02:10:03] [Server thread/INFO]: Saving worlds
[02:10:03] [Server thread/INFO]: Saving chunks for level 'ServerLevel[world]'/minecraft:overworld
[02:10:03] [Server thread/INFO]: Saving chunks for level 'ServerLevel[world]'/minecraft:the_nether
[02:10:04] [Server thread/INFO]: Saving chunks for level 'ServerLevel[world]'/minecraft:the_end
[02:10:04] [Server thread/INFO]: ThreadedAnvilChunkStorage (world): All chunks are saved
[02:10:04] [Server thread/INFO]: ThreadedAnvilChunkStorage (DIM-1): All chunks are saved
[02:10:04] [Server thread/INFO]: ThreadedAnvilChunkStorage (DIM1): All chunks are saved
[02:10:04] [Server thread/INFO]: ThreadedAnvilChunkStorage: All dimensions are saved
